{
"contracts\\Raffle.sol":{"l":{"53":3,"54":3,"55":3,"56":3,"57":3,"58":3,"59":3,"60":3,"64":5,"65":1,"67":4,"68":1,"70":3,"71":3,"84":1,"85":1,"86":1,"87":1,"88":1,"92":1,"93":1,"94":0,"96":1,"97":1,"104":1,"108":0,"109":0,"110":0,"111":0,"112":0,"113":0,"114":0,"115":0,"116":0,"118":0,"124":1,"128":5,"132":0,"136":1,"140":0,"144":0,"148":0,"152":0,"156":6},"path":"C:\\Users\\bbruc\\Desktop\\Formation Solidity PC\\hardhat-smartcontract-raffle\\contracts\\Raffle.sol","s":{"1":5,"2":4,"3":3,"4":3,"5":1,"6":1,"7":1,"8":1,"9":1,"10":1,"11":1,"12":1,"13":0,"14":0,"15":0,"16":0,"17":0,"18":1,"19":5,"20":0,"21":1,"22":0,"23":0,"24":0,"25":0,"26":6},"b":{"1":[1,4],"2":[1,3],"3":[0,1],"4":[0,0]},"f":{"1":3,"2":5,"3":1,"4":1,"5":0,"6":1,"7":5,"8":0,"9":1,"10":0,"11":0,"12":0,"13":0,"14":6},"fnMap":{"1":{"name":"constructor","line":52,"loc":{"start":{"line":50,"column":4},"end":{"line":61,"column":4}}},"2":{"name":"enterRaffle","line":63,"loc":{"start":{"line":63,"column":4},"end":{"line":72,"column":4}}},"3":{"name":"checkUpkeep","line":83,"loc":{"start":{"line":83,"column":4},"end":{"line":89,"column":4}}},"4":{"name":"performUpkeep","line":91,"loc":{"start":{"line":91,"column":4},"end":{"line":105,"column":4}}},"5":{"name":"fulfillRandomWords","line":107,"loc":{"start":{"line":107,"column":4},"end":{"line":119,"column":4}}},"6":{"name":"getPlayer","line":123,"loc":{"start":{"line":123,"column":4},"end":{"line":125,"column":4}}},"7":{"name":"getEntranceFee","line":127,"loc":{"start":{"line":127,"column":4},"end":{"line":129,"column":4}}},"8":{"name":"getRecentWinner","line":131,"loc":{"start":{"line":131,"column":4},"end":{"line":133,"column":4}}},"9":{"name":"getRaffleState","line":135,"loc":{"start":{"line":135,"column":4},"end":{"line":137,"column":4}}},"10":{"name":"getNumWords","line":139,"loc":{"start":{"line":139,"column":4},"end":{"line":141,"column":4}}},"11":{"name":"getNumberOfPlayers","line":143,"loc":{"start":{"line":143,"column":4},"end":{"line":145,"column":4}}},"12":{"name":"getLatestTimestamp","line":147,"loc":{"start":{"line":147,"column":4},"end":{"line":149,"column":4}}},"13":{"name":"getRequestConfirmations","line":151,"loc":{"start":{"line":151,"column":4},"end":{"line":153,"column":4}}},"14":{"name":"getInterval","line":155,"loc":{"start":{"line":155,"column":4},"end":{"line":157,"column":4}}}},"statementMap":{"1":{"start":{"line":64,"column":8},"end":{"line":64,"column":2413}},"2":{"start":{"line":67,"column":8},"end":{"line":67,"column":2516}},"3":{"start":{"line":70,"column":8},"end":{"line":70,"column":42}},"4":{"start":{"line":71,"column":8},"end":{"line":71,"column":36}},"5":{"start":{"line":84,"column":8},"end":{"line":84,"column":57}},"6":{"start":{"line":85,"column":8},"end":{"line":85,"column":76}},"7":{"start":{"line":86,"column":8},"end":{"line":86,"column":48}},"8":{"start":{"line":87,"column":8},"end":{"line":87,"column":51}},"9":{"start":{"line":92,"column":8},"end":{"line":92,"column":47}},"10":{"start":{"line":93,"column":8},"end":{"line":93,"column":3734}},"11":{"start":{"line":97,"column":8},"end":{"line":97,"column":3935}},"12":{"start":{"line":104,"column":8},"end":{"line":104,"column":45}},"13":{"start":{"line":108,"column":8},"end":{"line":108,"column":65}},"14":{"start":{"line":109,"column":8},"end":{"line":109,"column":63}},"15":{"start":{"line":114,"column":8},"end":{"line":114,"column":78}},"16":{"start":{"line":115,"column":8},"end":{"line":115,"column":4724}},"17":{"start":{"line":118,"column":8},"end":{"line":118,"column":39}},"18":{"start":{"line":124,"column":8},"end":{"line":124,"column":31}},"19":{"start":{"line":128,"column":8},"end":{"line":128,"column":28}},"20":{"start":{"line":132,"column":8},"end":{"line":132,"column":29}},"21":{"start":{"line":136,"column":8},"end":{"line":136,"column":28}},"22":{"start":{"line":140,"column":8},"end":{"line":140,"column":24}},"23":{"start":{"line":144,"column":8},"end":{"line":144,"column":31}},"24":{"start":{"line":148,"column":8},"end":{"line":148,"column":30}},"25":{"start":{"line":152,"column":8},"end":{"line":152,"column":36}},"26":{"start":{"line":156,"column":8},"end":{"line":156,"column":25}}},"branchMap":{"1":{"line":64,"type":"if","locations":[{"start":{"line":64,"column":8},"end":{"line":64,"column":8}},{"start":{"line":64,"column":8},"end":{"line":64,"column":8}}]},"2":{"line":67,"type":"if","locations":[{"start":{"line":67,"column":8},"end":{"line":67,"column":8}},{"start":{"line":67,"column":8},"end":{"line":67,"column":8}}]},"3":{"line":93,"type":"if","locations":[{"start":{"line":93,"column":8},"end":{"line":93,"column":8}},{"start":{"line":93,"column":8},"end":{"line":93,"column":8}}]},"4":{"line":115,"type":"if","locations":[{"start":{"line":115,"column":8},"end":{"line":115,"column":8}},{"start":{"line":115,"column":8},"end":{"line":115,"column":8}}]}}},
"contracts\\test\\VRFCoordinatorV2Mock.sol":{"l":{},"path":"C:\\Users\\bbruc\\Desktop\\Formation Solidity PC\\hardhat-smartcontract-raffle\\contracts\\test\\VRFCoordinatorV2Mock.sol","s":{},"b":{},"f":{},"fnMap":{},"statementMap":{},"branchMap":{}}}
