TN:
SF:C:\Users\bbruc\Desktop\Formation Solidity PC\hardhat-smartcontract-raffle\contracts\Raffle.sol
FN:52,constructor
FN:63,enterRaffle
FN:83,checkUpkeep
FN:91,performUpkeep
FN:107,fulfillRandomWords
FN:123,getPlayer
FN:127,getEntranceFee
FN:131,getRecentWinner
FN:135,getRaffleState
FN:139,getNumWords
FN:143,getNumberOfPlayers
FN:147,getLatestTimestamp
FN:151,getRequestConfirmations
FN:155,getInterval
FNF:14
FNH:8
FNDA:3,constructor
FNDA:5,enterRaffle
FNDA:1,checkUpkeep
FNDA:1,performUpkeep
FNDA:0,fulfillRandomWords
FNDA:1,getPlayer
FNDA:5,getEntranceFee
FNDA:0,getRecentWinner
FNDA:1,getRaffleState
FNDA:0,getNumWords
FNDA:0,getNumberOfPlayers
FNDA:0,getLatestTimestamp
FNDA:0,getRequestConfirmations
FNDA:6,getInterval
DA:53,3
DA:54,3
DA:55,3
DA:56,3
DA:57,3
DA:58,3
DA:59,3
DA:60,3
DA:64,5
DA:65,1
DA:67,4
DA:68,1
DA:70,3
DA:71,3
DA:84,1
DA:85,1
DA:86,1
DA:87,1
DA:88,1
DA:92,1
DA:93,1
DA:94,0
DA:96,1
DA:97,1
DA:104,1
DA:108,0
DA:109,0
DA:110,0
DA:111,0
DA:112,0
DA:113,0
DA:114,0
DA:115,0
DA:116,0
DA:118,0
DA:124,1
DA:128,5
DA:132,0
DA:136,1
DA:140,0
DA:144,0
DA:148,0
DA:152,0
DA:156,6
LF:44
LH:28
BRDA:64,1,0,1
BRDA:64,1,1,4
BRDA:67,2,0,1
BRDA:67,2,1,3
BRDA:93,3,0,0
BRDA:93,3,1,1
BRDA:115,4,0,0
BRDA:115,4,1,0
BRF:8
BRH:5
end_of_record
TN:
SF:C:\Users\bbruc\Desktop\Formation Solidity PC\hardhat-smartcontract-raffle\contracts\test\VRFCoordinatorV2Mock.sol
FNF:0
FNH:0
LF:0
LH:0
BRF:0
BRH:0
end_of_record
